mode: set
github.com/wisesight/test-container-example/internal/services/post/mongo.go:25.40,32.2 1 1
github.com/wisesight/test-container-example/internal/services/post/mongo.go:34.52,36.16 2 1
github.com/wisesight/test-container-example/internal/services/post/mongo.go:36.16,38.3 1 1
github.com/wisesight/test-container-example/internal/services/post/mongo.go:39.2,43.12 5 1
github.com/wisesight/test-container-example/internal/services/post/mongo.go:46.70,49.16 3 1
github.com/wisesight/test-container-example/internal/services/post/mongo.go:49.16,51.3 1 1
github.com/wisesight/test-container-example/internal/services/post/mongo.go:52.2,53.12 2 1
github.com/wisesight/test-container-example/internal/services/post/mongo.go:56.83,58.16 2 1
github.com/wisesight/test-container-example/internal/services/post/mongo.go:58.16,60.3 1 1
github.com/wisesight/test-container-example/internal/services/post/mongo.go:61.2,64.35 4 1
github.com/wisesight/test-container-example/internal/services/post/mongo.go:67.100,69.16 2 1
github.com/wisesight/test-container-example/internal/services/post/mongo.go:69.16,71.3 1 0
github.com/wisesight/test-container-example/internal/services/post/mongo.go:72.2,74.16 3 1
github.com/wisesight/test-container-example/internal/services/post/mongo.go:74.16,76.3 1 0
github.com/wisesight/test-container-example/internal/services/post/mongo.go:77.2,78.45 2 1
github.com/wisesight/test-container-example/internal/services/post/mongo.go:78.45,80.3 1 1
github.com/wisesight/test-container-example/internal/services/post/mongo.go:81.2,81.19 1 1
github.com/wisesight/test-container-example/internal/services/post/mongo.go:84.85,88.2 1 1
github.com/wisesight/test-container-example/internal/services/post/service.go:19.76,22.2 2 0
github.com/wisesight/test-container-example/internal/services/post/service.go:24.85,27.2 2 0
github.com/wisesight/test-container-example/internal/services/post/service.go:29.103,32.2 2 0
github.com/wisesight/test-container-example/internal/services/post/service.go:34.57,38.2 1 0
